<?xml version="1.0" encoding="UTF-8"?>
<testsuites name="TS_1" time="26.439" tests="2" failures="0" errors="0">
   <testsuite name="TS_1" tests="2" failures="0" errors="0" time="26.439" skipped="0" timestamp="30-05-2024T20:39:55" hostname="PC - DESKTOP-EVNNDTO" id="Test Suites/TS_1">
      <properties>
         <property name="deviceName" value=""/>
         <property name="devicePlatform" value=""/>
         <property name="logFolder" value="D:\\FSoft\\katalon-src\\katalon-visual-testing\\Reports\\20240530_203949\\TS_1\\20240530_203949"/>
         <property name="logFiles" value="D:\\FSoft\\katalon-src\\katalon-visual-testing\\Reports\\20240530_203949\\TS_1\\20240530_203949\\execution0.log"/>
         <property name="attachments" value="keyes\keyes-Login Dialog Origin.png, keyes\keyes-Login Dialog With Data.png, keyes\keyes-Login Dialog Origin.png, keyes\keyes-Login Dialog With Data.png"/>
         <property name="hostName" value="PC - DESKTOP-EVNNDTO"/>
         <property name="os" value="Windows 11 64bit"/>
         <property name="katalonVersion" value="9.4.0.212"/>
         <property name="browser" value="Chrome 125.0.0.0"/>
         <property name="hostAddress" value="192.168.1.156"/>
         <property name="sessionId" value="6153de4d241e6d630d56f33502f6edac"/>
         <property name="seleniumVersion" value="3.141.59"/>
         <property name="proxyInformation" value="ProxyInformation { proxyOption=NO_PROXY, proxyServerType=HTTP, username=, password=********, proxyServerAddress=, proxyServerPort=0, executionList=&quot;&quot;, isApplyToDesiredCapabilities=true }"/>
         <property name="platform" value="Windows 11"/>
      </properties>
      <testcase name="Test Cases/Main Test Cases/TC1_Verify Successful Login_With TestOps Visual Testing" time="13.374" classname="Test Cases/Main Test Cases/TC1_Verify Successful Login_With TestOps Visual Testing" status="PASSED">
         <system-out><![CDATA[30-05-2024T20:39:55 - [TEST_CASE][PASSED] - Test Cases/Main Test Cases/TC1_Verify Successful Login_With TestOps Visual Testing: Test Cases/Main Test Cases/TC1_Verify Successful Login_With TestOps Visual Testing

30-05-2024T20:39:55 - [TEST_STEP][PASSED] - comment("Story: Login to CURA system"): Story: Login to CURA system

30-05-2024T20:39:55 - [MESSAGE][INFO] - Story: Login to CURA system

30-05-2024T20:39:55 - [TEST_STEP][PASSED] - comment("Given that the user has the valid login information"): Given that the user has the valid login information

30-05-2024T20:39:55 - [MESSAGE][INFO] - Given that the user has the valid login information

30-05-2024T20:39:55 - [TEST_STEP][PASSED] - openBrowser(G_SiteURL): Browser is opened with url: 'http://demoaut.katalon.com'

30-05-2024T20:39:56 - [MESSAGE][INFO] - Starting 'Chrome' driver

30-05-2024T20:39:56 - [MESSAGE][INFO] - Action delay is set to 0 milliseconds

30-05-2024T20:40:03 - [MESSAGE][PASSED] - Browser is opened with url: 'http://demoaut.katalon.com'

30-05-2024T20:40:03 - [TEST_STEP][PASSED] - maximizeWindow(): Current window maximized

30-05-2024T20:40:03 - [MESSAGE][PASSED] - Current window maximized

30-05-2024T20:40:03 - [TEST_STEP][PASSED] - click(findTestObject("Page_CuraHomepage/btn_MakeAppointment")): Object: 'Object Repository/Page_CuraHomepage/btn_MakeAppointment' is clicked on

30-05-2024T20:40:04 - [MESSAGE][PASSED] - Object: 'Object Repository/Page_CuraHomepage/btn_MakeAppointment' is clicked on

30-05-2024T20:40:04 - [TEST_STEP][PASSED] - takeElementScreenshotAsCheckpoint("Login Dialog Origin", LoginObject): Taking screenshot successfully

30-05-2024T20:40:04 - [MESSAGE][WARNING] - Timeout '0' is invalid. Using default page load timeout: '30'

30-05-2024T20:40:05 - [MESSAGE][INFO] - 0 hidden object(s)

30-05-2024T20:40:05 - [MESSAGE][PASSED] - Taking screenshot successfully
[[ATTACHMENT|keyes\keyes-Login Dialog Origin.png]]

30-05-2024T20:40:05 - [TEST_STEP][PASSED] - setText(findTestObject("Page_Login/txt_UserName"), Username): Text 'John Doe' is set on object 'Object Repository/Page_Login/txt_UserName'

30-05-2024T20:40:05 - [MESSAGE][PASSED] - Text 'John Doe' is set on object 'Object Repository/Page_Login/txt_UserName'

30-05-2024T20:40:05 - [TEST_STEP][PASSED] - setText(findTestObject("Page_Login/txt_Password"), Password): Text 'ThisIsNotAPassword' is set on object 'Object Repository/Page_Login/txt_Password'

30-05-2024T20:40:06 - [MESSAGE][PASSED] - Text 'ThisIsNotAPassword' is set on object 'Object Repository/Page_Login/txt_Password'

30-05-2024T20:40:06 - [TEST_STEP][PASSED] - takeElementScreenshotAsCheckpoint("Login Dialog With Data", LoginObject): Taking screenshot successfully

30-05-2024T20:40:06 - [MESSAGE][WARNING] - Timeout '0' is invalid. Using default page load timeout: '30'

30-05-2024T20:40:06 - [MESSAGE][INFO] - 0 hidden object(s)

30-05-2024T20:40:06 - [MESSAGE][PASSED] - Taking screenshot successfully
[[ATTACHMENT|keyes\keyes-Login Dialog With Data.png]]

30-05-2024T20:40:06 - [TEST_STEP][PASSED] - comment("When he logins to CURA system"): When he logins to CURA system

30-05-2024T20:40:06 - [MESSAGE][INFO] - When he logins to CURA system

30-05-2024T20:40:06 - [TEST_STEP][PASSED] - click(findTestObject("Page_Login/btn_Login")): Object: 'Object Repository/Page_Login/btn_Login' is clicked on

30-05-2024T20:40:07 - [MESSAGE][PASSED] - Object: 'Object Repository/Page_Login/btn_Login' is clicked on

30-05-2024T20:40:07 - [TEST_STEP][PASSED] - comment("Then he should be able to login successfully"): Then he should be able to login successfully

30-05-2024T20:40:07 - [MESSAGE][INFO] - Then he should be able to login successfully

30-05-2024T20:40:07 - [TEST_STEP][PASSED] - landingPage = verifyElementPresent(findTestObject("Page_CuraAppointment/div_Appointment"), G_Timeout): Object 'Object Repository/Page_CuraAppointment/div_Appointment' is present

30-05-2024T20:40:08 - [MESSAGE][PASSED] - Object 'Object Repository/Page_CuraAppointment/div_Appointment' is present

30-05-2024T20:40:08 - [TEST_STEP][PASSED] - closeBrowser(): Browser is closed

30-05-2024T20:40:08 - [MESSAGE][PASSED] - Browser is closed

30-05-2024T20:40:08 - [TEST_STEP][PASSED] - Start listener action : terminateRunningWebDrivers: null

30-05-2024T20:40:08 - [TEST_STEP][PASSED] - cleanup(): null]]></system-out>
         <system-err><![CDATA[]]></system-err>
      </testcase>
      <testcase name="Test Cases/Main Test Cases/TC1_Verify Successful Login_With TestOps Visual Testing - Copy" time="12.859" classname="Test Cases/Main Test Cases/TC1_Verify Successful Login_With TestOps Visual Testing - Copy" status="PASSED">
         <system-out><![CDATA[30-05-2024T20:40:08 - [TEST_CASE][PASSED] - Test Cases/Main Test Cases/TC1_Verify Successful Login_With TestOps Visual Testing - Copy: Test Cases/Main Test Cases/TC1_Verify Successful Login_With TestOps Visual Testing - Copy

30-05-2024T20:40:08 - [TEST_STEP][PASSED] - comment("Story: Login to CURA system"): Story: Login to CURA system

30-05-2024T20:40:08 - [MESSAGE][INFO] - Story: Login to CURA system

30-05-2024T20:40:08 - [TEST_STEP][PASSED] - comment("Given that the user has the valid login information"): Given that the user has the valid login information

30-05-2024T20:40:08 - [MESSAGE][INFO] - Given that the user has the valid login information

30-05-2024T20:40:08 - [TEST_STEP][PASSED] - openBrowser(G_SiteURL): Browser is opened with url: 'http://demoaut.katalon.com'

30-05-2024T20:40:08 - [MESSAGE][INFO] - Starting 'Chrome' driver

30-05-2024T20:40:08 - [MESSAGE][INFO] - Action delay is set to 0 milliseconds

30-05-2024T20:40:16 - [MESSAGE][PASSED] - Browser is opened with url: 'http://demoaut.katalon.com'

30-05-2024T20:40:16 - [TEST_STEP][PASSED] - maximizeWindow(): Current window maximized

30-05-2024T20:40:16 - [MESSAGE][PASSED] - Current window maximized

30-05-2024T20:40:16 - [TEST_STEP][PASSED] - click(findTestObject("Page_CuraHomepage/btn_MakeAppointment")): Object: 'Object Repository/Page_CuraHomepage/btn_MakeAppointment' is clicked on

30-05-2024T20:40:16 - [MESSAGE][PASSED] - Object: 'Object Repository/Page_CuraHomepage/btn_MakeAppointment' is clicked on

30-05-2024T20:40:16 - [TEST_STEP][PASSED] - takeElementScreenshotAsCheckpoint("Login Dialog Origin", LoginObject): Taking screenshot successfully

30-05-2024T20:40:16 - [MESSAGE][WARNING] - Timeout '0' is invalid. Using default page load timeout: '30'

30-05-2024T20:40:17 - [MESSAGE][INFO] - 0 hidden object(s)

30-05-2024T20:40:17 - [MESSAGE][PASSED] - Taking screenshot successfully
[[ATTACHMENT|keyes\keyes-Login Dialog Origin.png]]

30-05-2024T20:40:17 - [TEST_STEP][PASSED] - setText(findTestObject("Page_Login/txt_UserName"), Username): Text 'John Doe' is set on object 'Object Repository/Page_Login/txt_UserName'

30-05-2024T20:40:18 - [MESSAGE][PASSED] - Text 'John Doe' is set on object 'Object Repository/Page_Login/txt_UserName'

30-05-2024T20:40:18 - [TEST_STEP][PASSED] - setText(findTestObject("Page_Login/txt_Password"), Password): Text 'ThisIsNotAPassword' is set on object 'Object Repository/Page_Login/txt_Password'

30-05-2024T20:40:19 - [MESSAGE][PASSED] - Text 'ThisIsNotAPassword' is set on object 'Object Repository/Page_Login/txt_Password'

30-05-2024T20:40:19 - [TEST_STEP][PASSED] - takeElementScreenshotAsCheckpoint("Login Dialog With Data", LoginObject): Taking screenshot successfully

30-05-2024T20:40:19 - [MESSAGE][WARNING] - Timeout '0' is invalid. Using default page load timeout: '30'

30-05-2024T20:40:19 - [MESSAGE][INFO] - 0 hidden object(s)

30-05-2024T20:40:19 - [MESSAGE][PASSED] - Taking screenshot successfully
[[ATTACHMENT|keyes\keyes-Login Dialog With Data.png]]

30-05-2024T20:40:19 - [TEST_STEP][PASSED] - comment("When he logins to CURA system"): When he logins to CURA system

30-05-2024T20:40:19 - [MESSAGE][INFO] - When he logins to CURA system

30-05-2024T20:40:19 - [TEST_STEP][PASSED] - click(findTestObject("Page_Login/btn_Login")): Object: 'Object Repository/Page_Login/btn_Login' is clicked on

30-05-2024T20:40:20 - [MESSAGE][PASSED] - Object: 'Object Repository/Page_Login/btn_Login' is clicked on

30-05-2024T20:40:20 - [TEST_STEP][PASSED] - comment("Then he should be able to login successfully"): Then he should be able to login successfully

30-05-2024T20:40:20 - [MESSAGE][INFO] - Then he should be able to login successfully

30-05-2024T20:40:20 - [TEST_STEP][PASSED] - landingPage = verifyElementPresent(findTestObject("Page_CuraAppointment/div_Appointment"), G_Timeout): Object 'Object Repository/Page_CuraAppointment/div_Appointment' is present

30-05-2024T20:40:20 - [MESSAGE][PASSED] - Object 'Object Repository/Page_CuraAppointment/div_Appointment' is present

30-05-2024T20:40:20 - [TEST_STEP][PASSED] - closeBrowser(): Browser is closed

30-05-2024T20:40:21 - [MESSAGE][PASSED] - Browser is closed

30-05-2024T20:40:21 - [TEST_STEP][PASSED] - Start listener action : terminateRunningWebDrivers: null

30-05-2024T20:40:21 - [TEST_STEP][PASSED] - cleanup(): null]]></system-out>
         <system-err><![CDATA[]]></system-err>
      </testcase>
      <system-out><![CDATA[30-05-2024T20:39:55 - [TEST_SUITE][PASSED] - TS_1: Test Cases/Main Test Cases/TC1_Verify Successful Login_With TestOps Visual Testing - Copy]]></system-out>
      <system-err><![CDATA[]]></system-err>
   </testsuite>
</testsuites>
